[20231221 09:16:20:077][INFO ][com.example.demo.DemoApplication] Starting DemoApplication using Java 21.0.1 with PID 2917 (/Users/shimkyudae/Downloads/html-java/target/classes started by shimkyudae in /Users/shimkyudae/Downloads/html-java)
[20231221 09:16:20:078][INFO ][com.example.demo.DemoApplication] No active profile set, falling back to 1 default profile: "default"
[20231221 09:16:20:108][INFO ][o.s.b.d.e.DevToolsPropertyDefaultsPostProcessor] Devtools property defaults active! Set 'spring.devtools.add-properties' to 'false' to disable
[20231221 09:16:20:108][INFO ][o.s.b.d.e.DevToolsPropertyDefaultsPostProcessor] For additional web related logging consider setting the 'logging.level.web' property to 'DEBUG'
[20231221 09:16:20:570][INFO ][o.s.b.w.embedded.tomcat.TomcatWebServer] Tomcat initialized with port 4242 (http)
[20231221 09:16:20:574][INFO ][o.apache.coyote.http11.Http11NioProtocol] Initializing ProtocolHandler ["http-nio-4242"]
[20231221 09:16:20:575][INFO ][o.apache.catalina.core.StandardService] Starting service [Tomcat]
[20231221 09:16:20:575][INFO ][org.apache.catalina.core.StandardEngine] Starting Servlet engine: [Apache Tomcat/10.1.16]
[20231221 09:16:20:592][INFO ][o.a.c.c.C.[Tomcat].[localhost].[/]] Initializing Spring embedded WebApplicationContext
[20231221 09:16:20:592][INFO ][o.s.b.w.s.c.ServletWebServerApplicationContext] Root WebApplicationContext: initialization completed in 484 ms
[20231221 09:16:20:753][INFO ][o.s.b.d.a.OptionalLiveReloadServer] LiveReload server is running on port 35729
[20231221 09:16:20:761][INFO ][o.apache.coyote.http11.Http11NioProtocol] Starting ProtocolHandler ["http-nio-4242"]
[20231221 09:16:20:767][INFO ][o.s.b.w.embedded.tomcat.TomcatWebServer] Tomcat started on port 4242 (http) with context path ''
[20231221 09:16:20:771][INFO ][com.example.demo.DemoApplication] Started DemoApplication in 1.009 seconds (process running for 1.486)
[20231221 09:18:23:504][INFO ][com.example.demo.DemoApplication] Starting DemoApplication using Java 21.0.1 with PID 3023 (/Users/shimkyudae/Downloads/html-java/target/classes started by shimkyudae in /Users/shimkyudae/Downloads/html-java)
[20231221 09:18:23:505][INFO ][com.example.demo.DemoApplication] No active profile set, falling back to 1 default profile: "default"
[20231221 09:18:23:526][INFO ][o.s.b.d.e.DevToolsPropertyDefaultsPostProcessor] Devtools property defaults active! Set 'spring.devtools.add-properties' to 'false' to disable
[20231221 09:18:23:526][INFO ][o.s.b.d.e.DevToolsPropertyDefaultsPostProcessor] For additional web related logging consider setting the 'logging.level.web' property to 'DEBUG'
[20231221 09:18:23:971][INFO ][o.s.b.w.embedded.tomcat.TomcatWebServer] Tomcat initialized with port 4242 (http)
[20231221 09:18:23:975][INFO ][o.apache.coyote.http11.Http11NioProtocol] Initializing ProtocolHandler ["http-nio-4242"]
[20231221 09:18:23:976][INFO ][o.apache.catalina.core.StandardService] Starting service [Tomcat]
[20231221 09:18:23:976][INFO ][org.apache.catalina.core.StandardEngine] Starting Servlet engine: [Apache Tomcat/10.1.16]
[20231221 09:18:23:997][INFO ][o.a.c.c.C.[Tomcat].[localhost].[/]] Initializing Spring embedded WebApplicationContext
[20231221 09:18:23:998][INFO ][o.s.b.w.s.c.ServletWebServerApplicationContext] Root WebApplicationContext: initialization completed in 471 ms
[20231221 09:18:24:237][INFO ][o.s.b.d.a.OptionalLiveReloadServer] LiveReload server is running on port 35729
[20231221 09:18:24:245][INFO ][o.apache.coyote.http11.Http11NioProtocol] Starting ProtocolHandler ["http-nio-4242"]
[20231221 09:18:24:253][INFO ][o.s.b.w.embedded.tomcat.TomcatWebServer] Tomcat started on port 4242 (http) with context path ''
[20231221 09:18:24:258][INFO ][com.example.demo.DemoApplication] Started DemoApplication in 1.076 seconds (process running for 1.556)
[20231221 09:18:41:140][INFO ][o.a.c.c.C.[Tomcat].[localhost].[/]] Initializing Spring DispatcherServlet 'dispatcherServlet'
[20231221 09:18:41:140][INFO ][o.s.web.servlet.DispatcherServlet] Initializing Servlet 'dispatcherServlet'
[20231221 09:18:41:141][INFO ][o.s.web.servlet.DispatcherServlet] Completed initialization in 1 ms
[20231221 09:21:55:905][INFO ][com.example.demo.DemoApplication] Starting DemoApplication using Java 21.0.1 with PID 3285 (/Users/shimkyudae/Downloads/html-java/target/classes started by shimkyudae in /Users/shimkyudae/Downloads/html-java)
[20231221 09:21:55:905][INFO ][com.example.demo.DemoApplication] No active profile set, falling back to 1 default profile: "default"
[20231221 09:21:55:928][INFO ][o.s.b.d.e.DevToolsPropertyDefaultsPostProcessor] Devtools property defaults active! Set 'spring.devtools.add-properties' to 'false' to disable
[20231221 09:21:55:928][INFO ][o.s.b.d.e.DevToolsPropertyDefaultsPostProcessor] For additional web related logging consider setting the 'logging.level.web' property to 'DEBUG'
[20231221 09:21:56:461][INFO ][o.s.b.w.embedded.tomcat.TomcatWebServer] Tomcat initialized with port 4242 (http)
[20231221 09:21:56:466][INFO ][o.apache.coyote.http11.Http11NioProtocol] Initializing ProtocolHandler ["http-nio-4242"]
[20231221 09:21:56:467][INFO ][o.apache.catalina.core.StandardService] Starting service [Tomcat]
[20231221 09:21:56:467][INFO ][org.apache.catalina.core.StandardEngine] Starting Servlet engine: [Apache Tomcat/10.1.16]
[20231221 09:21:56:484][INFO ][o.a.c.c.C.[Tomcat].[localhost].[/]] Initializing Spring embedded WebApplicationContext
[20231221 09:21:56:484][INFO ][o.s.b.w.s.c.ServletWebServerApplicationContext] Root WebApplicationContext: initialization completed in 556 ms
[20231221 09:21:56:655][INFO ][o.s.b.d.a.OptionalLiveReloadServer] LiveReload server is running on port 35729
[20231221 09:21:56:664][INFO ][o.apache.coyote.http11.Http11NioProtocol] Starting ProtocolHandler ["http-nio-4242"]
[20231221 09:21:56:673][INFO ][o.s.b.w.embedded.tomcat.TomcatWebServer] Tomcat started on port 4242 (http) with context path ''
[20231221 09:21:56:678][INFO ][com.example.demo.DemoApplication] Started DemoApplication in 1.046 seconds (process running for 1.53)
[20231221 09:22:01:135][INFO ][o.a.c.c.C.[Tomcat].[localhost].[/]] Initializing Spring DispatcherServlet 'dispatcherServlet'
[20231221 09:22:01:135][INFO ][o.s.web.servlet.DispatcherServlet] Initializing Servlet 'dispatcherServlet'
[20231221 09:22:01:136][INFO ][o.s.web.servlet.DispatcherServlet] Completed initialization in 1 ms
